<?xml version="1.0" encoding="UTF-8"?>
<!-- Generated by org.testng.reporters.JUnitXMLReporter -->
<testsuite ignored="0" hostname="Swapna" failures="0" tests="6" name="Test" time="0.135" errors="0" timestamp="2020-04-27T16:56:18 PDT">
  <testcase classname="qaclickacademy.AppiumTest" name="IOSApps" time="0.022"/>
  <testcase classname="qaclickacademy.AppiumTest" name="NativeAPpAndroid" time="0.003"/>
  <testcase classname="qaclickacademy.SeleniumTest" name="BrowserAUtomation" time="0.004"/>
  <testcase classname="qaclickacademy.SeleniumTest" name="elementsUi" time="0.003"/>
  <testcase classname="qaclickacademy.RESTAPITest" name="deleteTwitter" time="0.002"/>
  <testcase classname="qaclickacademy.RESTAPITest" name="postJira" time="0.003"/>
</testsuite> <!-- Test -->
