<?xml version="1.0" encoding="UTF-8"?>
<testng-results ignored="0" total="6" passed="6" failed="0" skipped="0">
  <reporter-output>
  </reporter-output>
  <suite started-at="2020-04-04T18:05:54 PDT" name="Command line suite" finished-at="2020-04-04T18:05:54 PDT" duration-ms="51">
    <groups>
    </groups>
    <test started-at="2020-04-04T18:05:54 PDT" name="Command line test" finished-at="2020-04-04T18:05:54 PDT" duration-ms="51">
      <class name="qaclickacademy.AppiumTest">
        <test-method signature="IOSApps()[pri:0, instance:qaclickacademy.AppiumTest@77847718]" started-at="2020-04-04T18:05:54 PDT" name="IOSApps" finished-at="2020-04-04T18:05:54 PDT" duration-ms="4" status="PASS">
          <reporter-output>
          </reporter-output>
        </test-method> <!-- IOSApps -->
        <test-method signature="NativeAPpAndroid()[pri:0, instance:qaclickacademy.AppiumTest@77847718]" started-at="2020-04-04T18:05:54 PDT" name="NativeAPpAndroid" finished-at="2020-04-04T18:05:54 PDT" duration-ms="0" status="PASS">
          <reporter-output>
          </reporter-output>
        </test-method> <!-- NativeAPpAndroid -->
      </class> <!-- qaclickacademy.AppiumTest -->
      <class name="qaclickacademy.RESTAPITest">
        <test-method signature="deleteTwitter()[pri:0, instance:qaclickacademy.RESTAPITest@7f3b84b8]" started-at="2020-04-04T18:05:54 PDT" name="deleteTwitter" finished-at="2020-04-04T18:05:54 PDT" duration-ms="1" status="PASS">
          <reporter-output>
          </reporter-output>
        </test-method> <!-- deleteTwitter -->
        <test-method signature="postJira()[pri:0, instance:qaclickacademy.RESTAPITest@7f3b84b8]" started-at="2020-04-04T18:05:54 PDT" name="postJira" finished-at="2020-04-04T18:05:54 PDT" duration-ms="0" status="PASS">
          <reporter-output>
          </reporter-output>
        </test-method> <!-- postJira -->
      </class> <!-- qaclickacademy.RESTAPITest -->
      <class name="qaclickacademy.SeleniumTest">
        <test-method signature="BrowserAUtomation()[pri:0, instance:qaclickacademy.SeleniumTest@57a3af25]" started-at="2020-04-04T18:05:54 PDT" name="BrowserAUtomation" finished-at="2020-04-04T18:05:54 PDT" duration-ms="0" status="PASS">
          <reporter-output>
          </reporter-output>
        </test-method> <!-- BrowserAUtomation -->
        <test-method signature="elementsUi()[pri:0, instance:qaclickacademy.SeleniumTest@57a3af25]" started-at="2020-04-04T18:05:54 PDT" name="elementsUi" finished-at="2020-04-04T18:05:54 PDT" duration-ms="1" status="PASS">
          <reporter-output>
          </reporter-output>
        </test-method> <!-- elementsUi -->
      </class> <!-- qaclickacademy.SeleniumTest -->
    </test> <!-- Command line test -->
  </suite> <!-- Command line suite -->
</testng-results>
