<?xml version="1.0" encoding="UTF-8"?>
<testng-results ignored="0" total="6" passed="6" failed="0" skipped="0">
  <reporter-output>
  </reporter-output>
  <suite started-at="2020-04-27T16:56:18 PDT" name="Suite" finished-at="2020-04-27T16:56:18 PDT" duration-ms="135">
    <groups>
    </groups>
    <test started-at="2020-04-27T16:56:18 PDT" name="Test" finished-at="2020-04-27T16:56:18 PDT" duration-ms="135">
      <class name="qaclickacademy.AppiumTest">
        <test-method signature="IOSApps()[pri:0, instance:qaclickacademy.AppiumTest@4e7912d8]" started-at="2020-04-27T16:56:18 PDT" name="IOSApps" finished-at="2020-04-27T16:56:18 PDT" duration-ms="22" status="PASS">
          <reporter-output>
          </reporter-output>
        </test-method> <!-- IOSApps -->
        <test-method signature="NativeAPpAndroid()[pri:0, instance:qaclickacademy.AppiumTest@4e7912d8]" started-at="2020-04-27T16:56:18 PDT" name="NativeAPpAndroid" finished-at="2020-04-27T16:56:18 PDT" duration-ms="3" status="PASS">
          <reporter-output>
          </reporter-output>
        </test-method> <!-- NativeAPpAndroid -->
      </class> <!-- qaclickacademy.AppiumTest -->
      <class name="qaclickacademy.RESTAPITest">
        <test-method signature="deleteTwitter()[pri:0, instance:qaclickacademy.RESTAPITest@2bfc268b]" started-at="2020-04-27T16:56:18 PDT" name="deleteTwitter" finished-at="2020-04-27T16:56:18 PDT" duration-ms="2" status="PASS">
          <reporter-output>
          </reporter-output>
        </test-method> <!-- deleteTwitter -->
        <test-method signature="postJira()[pri:0, instance:qaclickacademy.RESTAPITest@2bfc268b]" started-at="2020-04-27T16:56:18 PDT" name="postJira" finished-at="2020-04-27T16:56:18 PDT" duration-ms="3" status="PASS">
          <reporter-output>
          </reporter-output>
        </test-method> <!-- postJira -->
      </class> <!-- qaclickacademy.RESTAPITest -->
      <class name="qaclickacademy.SeleniumTest">
        <test-method signature="BrowserAUtomation()[pri:0, instance:qaclickacademy.SeleniumTest@53976f5c]" started-at="2020-04-27T16:56:18 PDT" name="BrowserAUtomation" finished-at="2020-04-27T16:56:18 PDT" duration-ms="4" status="PASS">
          <reporter-output>
          </reporter-output>
        </test-method> <!-- BrowserAUtomation -->
        <test-method signature="elementsUi()[pri:0, instance:qaclickacademy.SeleniumTest@53976f5c]" started-at="2020-04-27T16:56:18 PDT" name="elementsUi" finished-at="2020-04-27T16:56:18 PDT" duration-ms="3" status="PASS">
          <reporter-output>
          </reporter-output>
        </test-method> <!-- elementsUi -->
      </class> <!-- qaclickacademy.SeleniumTest -->
    </test> <!-- Test -->
  </suite> <!-- Suite -->
</testng-results>
